<?xml version="1.0" encoding="UTF-8"?>
<!-- Generated by org.testng.reporters.JUnitReportReporter -->
<testsuite hostname="BCTCL-L14156" failures="0" tests="10" name="org.example.DemoWebShopTests" time="9.735" errors="0" timestamp="2024-09-17T15:50:56 IST" skipped="0">
  <testcase classname="org.example.DemoWebShopTests" name="testHomePageTitle" time="0.158"/>
  <testcase classname="org.example.DemoWebShopTests" name="testscrollFunctionality" time="0.058"/>
  <testcase classname="org.example.DemoWebShopTests" name="testSearchFunctionality" time="1.244"/>
  <testcase classname="org.example.DemoWebShopTests" name="testLoginButton" time="0.844"/>
  <testcase classname="org.example.DemoWebShopTests" name="testBookButton" time="1.167"/>
  <testcase classname="org.example.DemoWebShopTests" name="testsideMenu" time="0.808"/>
  <testcase classname="org.example.DemoWebShopTests" name="testWishlistFunctionality" time="2.939"/>
  <testcase classname="org.example.DemoWebShopTests" name="testContactUsForm" time="2.426"/>
  <testcase classname="org.example.DemoWebShopTests" name="testLogout" time="0.048"/>
  <testcase classname="org.example.DemoWebShopTests" name="testSocialMediaLinks" time="0.043"/>
</testsuite> <!-- org.example.DemoWebShopTests -->
